\BOOKMARK [1][-]{section.1}{\376\377\000C\000o\000d\000i\000f\000i\000c\000h\000e\000\040\000C\000o\000n\000v\000o\000l\000u\000z\000i\000o\000n\000a\000l\000i\000\040\000e\000\040\000I\000n\000t\000r\000o\000d\000u\000z\000i\000o\000n\000e\000\040\000a\000l\000\040\000P\000r\000o\000g\000e\000t\000t\000o}{}% 1
\BOOKMARK [2][-]{subsection.1.1}{\376\377\000S\000p\000e\000c\000i\000f\000i\000c\000h\000e\000\040\000d\000e\000l\000\040\000p\000r\000o\000g\000e\000t\000t\000o}{section.1}% 2
\BOOKMARK [3][-]{subsubsection.1.1.1}{\376\377\000I\000n\000t\000e\000r\000f\000a\000c\000c\000i\000a\000\040\000d\000e\000l\000\040\000p\000r\000o\000g\000e\000t\000t\000o}{subsection.1.1}% 3
\BOOKMARK [3][-]{subsubsection.1.1.2}{\376\377\000I\000n\000t\000e\000r\000f\000a\000c\000c\000i\000a\000\040\000d\000e\000l\000l\000a\000\040\000m\000e\000m\000o\000r\000i\000a}{subsection.1.1}% 4
\BOOKMARK [1][-]{section.2}{\376\377\000A\000r\000c\000h\000i\000t\000e\000t\000t\000u\000r\000a\000,\000\040\000a\000p\000p\000r\000o\000c\000c\000i\000o\000\040\000e\000\040\000s\000c\000e\000l\000t\000e\000\040\000i\000m\000p\000l\000e\000m\000e\000n\000t\000a\000t\000i\000v\000e}{}% 5
\BOOKMARK [2][-]{subsection.2.1}{\376\377\000C\000o\000n\000s\000i\000d\000e\000r\000a\000z\000i\000o\000n\000i\000\040\000s\000u\000\040\000V\000H\000D\000L}{section.2}% 6
\BOOKMARK [2][-]{subsection.2.2}{\376\377\000P\000r\000i\000m\000o\000\040\000d\000e\000s\000i\000g\000n\000\040\000d\000e\000l\000l\000a\000\040\000F\000S\000M}{section.2}% 7
\BOOKMARK [3][-]{subsubsection.2.2.1}{\376\377\000S\000t\000a\000t\000i\000\040\000d\000e\000l\000l\000a\000\040\000m\000a\000c\000c\000h\000i\000n\000a}{subsection.2.2}% 8
\BOOKMARK [2][-]{subsection.2.3}{\376\377\000D\000e\000s\000i\000g\000n\000\040\000f\000i\000n\000a\000l\000e\000\040\000d\000e\000l\000l\000a\000\040\000F\000S\000M}{section.2}% 9
\BOOKMARK [3][-]{subsubsection.2.3.1}{\376\377\000A\000n\000a\000l\000i\000s\000i\000\040\000d\000i\000\040\000t\000r\000a\000d\000e\000-\000o\000f\000f\000\040\000s\000p\000a\000z\000i\000a\000l\000e}{subsection.2.3}% 10
\BOOKMARK [3][-]{subsubsection.2.3.2}{\376\377\000A\000n\000a\000l\000i\000s\000i\000\040\000d\000i\000\040\000t\000r\000a\000d\000e\000-\000o\000f\000f\000\040\000t\000e\000m\000p\000o\000r\000a\000l\000e}{subsection.2.3}% 11
\BOOKMARK [3][-]{subsubsection.2.3.3}{\376\377\000N\000u\000o\000v\000a\000\040\000m\000a\000c\000c\000h\000i\000n\000a\000\040\000a\000\040\000S\000t\000a\000t\000i}{subsection.2.3}% 12
\BOOKMARK [2][-]{subsection.2.4}{\376\377\000C\000o\000d\000e\000\040\000o\000v\000e\000r\000v\000i\000e\000w}{section.2}% 13
\BOOKMARK [3][-]{subsubsection.2.4.1}{\376\377\000c\000o\000n\000t\000r\000o\000l\000l\000e\000r}{subsection.2.4}% 14
\BOOKMARK [3][-]{subsubsection.2.4.2}{\376\377\000c\000o\000n\000v\000o\000l\000u\000t\000i\000o\000n\000a\000l\000\137\000e\000n\000c\000o\000d\000e\000r}{subsection.2.4}% 15
\BOOKMARK [3][-]{subsubsection.2.4.3}{\376\377\000s\000t\000r\000i\000n\000g\000\137\000m\000a\000n\000a\000g\000e\000r}{subsection.2.4}% 16
\BOOKMARK [3][-]{subsubsection.2.4.4}{\376\377\000S\000c\000h\000e\000m\000a\000t\000i\000c\000o\000\040\000d\000e\000l\000\040\000c\000o\000d\000i\000c\000e}{subsection.2.4}% 17
\BOOKMARK [1][-]{section.3}{\376\377\000R\000i\000s\000u\000l\000t\000a\000t\000i\000\040\000s\000p\000e\000r\000i\000m\000e\000n\000t\000a\000l\000i}{}% 18
\BOOKMARK [2][-]{subsection.3.1}{\376\377\000S\000i\000m\000u\000l\000a\000z\000i\000o\000n\000i}{section.3}% 19
\BOOKMARK [3][-]{subsubsection.3.1.1}{\376\377\000S\000i\000m\000u\000l\000a\000z\000i\000o\000n\000e\000\040\000d\000'\000e\000s\000e\000m\000p\000i\000o}{subsection.3.1}% 20
\BOOKMARK [2][-]{subsection.3.2}{\376\377\000T\000e\000s\000t\000b\000e\000n\000c\000h}{section.3}% 21
\BOOKMARK [3][-]{subsubsection.3.2.1}{\376\377\000T\000e\000s\000t\000b\000e\000n\000c\000h\000\040\000f\000o\000r\000n\000i\000t\000e\000\040\000d\000a\000l\000\040\000d\000o\000c\000e\000n\000t\000e}{subsection.3.2}% 22
\BOOKMARK [3][-]{subsubsection.3.2.2}{\376\377\000T\000e\000s\000t\000b\000e\000n\000c\000h\000\040\000g\000e\000n\000e\000r\000a\000t\000e\000\040\000a\000t\000t\000r\000a\000v\000e\000r\000s\000o\000\040\000t\000o\000o\000l\000\040\000a\000u\000t\000o\000m\000a\000t\000i\000c\000o}{subsection.3.2}% 23
\BOOKMARK [1][-]{section.4}{\376\377\000C\000o\000n\000c\000l\000u\000s\000i\000o\000n\000i}{}% 24
\BOOKMARK [2][-]{subsection.4.1}{\376\377\000L\000i\000m\000i\000t\000i\000\040\000d\000e\000l\000\040\000c\000o\000m\000p\000o\000n\000e\000n\000t\000e\000\040\000h\000a\000r\000d\000w\000a\000r\000e}{section.4}% 25
\BOOKMARK [2][-]{subsection.4.2}{\376\377\000P\000o\000s\000s\000i\000b\000i\000l\000i\000\040\000m\000i\000g\000l\000i\000o\000r\000a\000m\000e\000n\000t\000i\000\040\000-\000\040\000P\000a\000r\000a\000l\000l\000e\000l\000i\000s\000m\000o}{section.4}% 26
\BOOKMARK [2][-]{subsection.4.3}{\376\377\000C\000a\000m\000p\000i\000\040\000d\000i\000\040\000u\000t\000i\000l\000i\000z\000z\000o\000\040\000d\000e\000l\000\040\000m\000o\000d\000u\000l\000o\000\040\000h\000a\000r\000d\000w\000a\000r\000e\000\040\000s\000v\000i\000l\000u\000p\000p\000a\000t\000o}{section.4}% 27
