Vivado Simulator v2021.2
Copyright 1986-1999, 2001-2021 Xilinx, Inc. All Rights Reserved.
Running: /home/davide/Xilinx/Vivado/2021.2/bin/unwrapped/lnx64.o/xelab --incr --debug typical --relax --mt 8 -L xil_defaultlib -L secureip --snapshot project_tb_behav xil_defaultlib.project_tb -log elaborate.log 
Using 8 slave threads.
Starting static elaboration
Completed static elaboration
Starting simulation data flow analysis
Completed simulation data flow analysis
Time Resolution for simulation is 1ps
Compiling package std.standard
Compiling package std.textio
Compiling package ieee.std_logic_1164
Compiling package ieee.numeric_std
Compiling package ieee.std_logic_arith
Compiling package ieee.std_logic_unsigned
Compiling architecture dataflow of entity xil_defaultlib.controller [controller_default]
Compiling architecture dataflow of entity xil_defaultlib.FF_D [ff_d_default]
Compiling architecture structural of entity xil_defaultlib.convolutional_encoder [convolutional_encoder_default]
Compiling architecture dataflow of entity xil_defaultlib.string_manager [string_manager_default]
Compiling architecture structural of entity xil_defaultlib.project_reti_logiche [project_reti_logiche_default]
Compiling architecture projecttb of entity xil_defaultlib.project_tb
Built simulation snapshot project_tb_behav
