Copyright 1986-2021 Xilinx, Inc. All Rights Reserved.
-------------------------------------------------------------------------------------------------
| Tool Version : Vivado v.2021.2 (lin64) Build 3367213 Tue Oct 19 02:47:39 MDT 2021
| Date         : Sun Jul 24 11:42:52 2022
| Host         : dgraz running 64-bit Manjaro Linux
| Command      : report_control_sets -verbose -file project_reti_logiche_control_sets_placed.rpt
| Design       : project_reti_logiche
| Device       : xc7a200t
-------------------------------------------------------------------------------------------------

Control Set Information

Table of Contents
-----------------
1. Summary
2. Histogram
3. Flip-Flop Distribution
4. Detailed Control Set Information

1. Summary
----------

+----------------------------------------------------------+-------+
|                          Status                          | Count |
+----------------------------------------------------------+-------+
| Total control sets                                       |    40 |
|    Minimum number of control sets                        |    40 |
|    Addition due to synthesis replication                 |     0 |
|    Addition due to physical synthesis replication        |     0 |
| Unused register locations in slices containing registers |   228 |
+----------------------------------------------------------+-------+
* Control sets can be merged at opt_design using control_set_merge or merge_equivalent_drivers
** Run report_qor_suggestions for automated merging and remapping suggestions


2. Histogram
------------

+--------------------+-------+
|       Fanout       | Count |
+--------------------+-------+
| Total control sets |    40 |
| >= 0 to < 4        |    31 |
| >= 4 to < 6        |     2 |
| >= 6 to < 8        |     1 |
| >= 8 to < 10       |     3 |
| >= 10 to < 12      |     1 |
| >= 12 to < 14      |     0 |
| >= 14 to < 16      |     0 |
| >= 16              |     2 |
+--------------------+-------+
* Control sets can be remapped at either synth_design or opt_design


3. Flip-Flop Distribution
-------------------------

+--------------+-----------------------+------------------------+-----------------+--------------+
| Clock Enable | Synchronous Set/Reset | Asynchronous Set/Reset | Total Registers | Total Slices |
+--------------+-----------------------+------------------------+-----------------+--------------+
| No           | No                    | No                     |              22 |            9 |
| No           | No                    | Yes                    |               9 |            5 |
| No           | Yes                   | No                     |              19 |           13 |
| Yes          | No                    | No                     |               0 |            0 |
| Yes          | No                    | Yes                    |              82 |           33 |
| Yes          | Yes                   | No                     |               0 |            0 |
+--------------+-----------------------+------------------------+-----------------+--------------+


4. Detailed Control Set Information
-----------------------------------

+-------------------------------------------+------------------------------------+------------------------------------------+------------------+----------------+--------------+
|                Clock Signal               |            Enable Signal           |             Set/Reset Signal             | Slice Load Count | Bel Load Count | Bels / Slice |
+-------------------------------------------+------------------------------------+------------------------------------------+------------------+----------------+--------------+
|  cont/number_of_words_reg[4]_LDC_i_1_n_0  |                                    | cont/number_of_words_reg[4]_LDC_i_2_n_0  |                1 |              1 |         1.00 |
|  cont/controller_rst                      |                                    | cont/done0                               |                1 |              1 |         1.00 |
|  cont/number_of_words_reg[7]_LDC_i_1_n_0  |                                    | cont/number_of_words_reg[7]_LDC_i_2_n_0  |                1 |              1 |         1.00 |
| ~i_clk_IBUF_BUFG                          | cont/number_of_words[31]_C_i_1_n_0 | cont/number_of_words_reg[3]_LDC_i_2_n_0  |                1 |              1 |         1.00 |
| ~i_clk_IBUF_BUFG                          | cont/number_of_words[31]_C_i_1_n_0 | cont/number_of_words_reg[6]_LDC_i_2_n_0  |                1 |              1 |         1.00 |
| ~i_clk_IBUF_BUFG                          | cont/number_of_words[31]_C_i_1_n_0 | cont/number_of_words_reg[7]_LDC_i_1_n_0  |                1 |              1 |         1.00 |
| ~i_clk_IBUF_BUFG                          | cont/number_of_words[31]_C_i_1_n_0 | cont/number_of_words_reg[5]_LDC_i_1_n_0  |                1 |              1 |         1.00 |
| ~i_clk_IBUF_BUFG                          | cont/number_of_words[31]_C_i_1_n_0 | cont/number_of_words_reg[2]_LDC_i_2_n_0  |                1 |              1 |         1.00 |
| ~i_clk_IBUF_BUFG                          | cont/number_of_words[31]_C_i_1_n_0 | cont/number_of_words_reg[6]_LDC_i_1_n_0  |                1 |              1 |         1.00 |
| ~i_clk_IBUF_BUFG                          | cont/number_of_words[31]_C_i_1_n_0 | cont/number_of_words_reg[7]_LDC_i_2_n_0  |                1 |              1 |         1.00 |
| ~i_clk_IBUF_BUFG                          | cont/number_of_words[31]_C_i_1_n_0 | cont/number_of_words_reg[2]_LDC_i_1_n_0  |                1 |              1 |         1.00 |
| ~i_clk_IBUF_BUFG                          | cont/number_of_words[31]_C_i_1_n_0 | cont/number_of_words_reg[5]_LDC_i_2_n_0  |                1 |              1 |         1.00 |
| ~i_clk_IBUF_BUFG                          | cont/number_of_words[31]_C_i_1_n_0 | cont/number_of_words_reg[0]_LDC_i_1_n_0  |                1 |              1 |         1.00 |
| ~i_clk_IBUF_BUFG                          | cont/number_of_words[31]_C_i_1_n_0 | cont/number_of_words_reg[1]_LDC_i_1_n_0  |                1 |              1 |         1.00 |
| ~i_clk_IBUF_BUFG                          | cont/number_of_words[31]_C_i_1_n_0 | cont/number_of_words_reg[1]_LDC_i_2_n_0  |                1 |              1 |         1.00 |
|  i_clk_IBUF_BUFG                          |                                    | cont/controller_clk_i_1_n_0              |                1 |              1 |         1.00 |
|  cont/number_of_words_reg[31]_LDC_i_1_n_0 |                                    | cont/p_1_in                              |                1 |              1 |         1.00 |
|  cont/number_of_words_reg[1]_LDC_i_1_n_0  |                                    | cont/number_of_words_reg[1]_LDC_i_2_n_0  |                1 |              1 |         1.00 |
|  cont/number_of_words_reg[0]_LDC_i_1_n_0  |                                    | cont/number_of_words_reg[0]_LDC_i_2_n_0  |                1 |              1 |         1.00 |
|  cont/number_of_words_reg[2]_LDC_i_1_n_0  |                                    | cont/number_of_words_reg[2]_LDC_i_2_n_0  |                1 |              1 |         1.00 |
|  cont/number_of_words_reg[6]_LDC_i_1_n_0  |                                    | cont/number_of_words_reg[6]_LDC_i_2_n_0  |                1 |              1 |         1.00 |
|  cont/number_of_words_reg[5]_LDC_i_1_n_0  |                                    | cont/number_of_words_reg[5]_LDC_i_2_n_0  |                1 |              1 |         1.00 |
| ~i_clk_IBUF_BUFG                          |                                    | cont/number_of_words_reg[0]_LDC_i_2_n_0  |                1 |              1 |         1.00 |
| ~i_clk_IBUF_BUFG                          |                                    | cont/component_enable0                   |                1 |              1 |         1.00 |
|  cont/number_of_words_reg[3]_LDC_i_1_n_0  |                                    | cont/number_of_words_reg[3]_LDC_i_2_n_0  |                1 |              1 |         1.00 |
| ~i_clk_IBUF_BUFG                          | cont/number_of_words[31]_C_i_1_n_0 | cont/number_of_words_reg[3]_LDC_i_1_n_0  |                1 |              1 |         1.00 |
| ~i_clk_IBUF_BUFG                          | cont/number_of_words[31]_C_i_1_n_0 | cont/number_of_words_reg[4]_LDC_i_1_n_0  |                1 |              1 |         1.00 |
| ~i_clk_IBUF_BUFG                          | cont/number_of_words[31]_C_i_1_n_0 | cont/number_of_words_reg[4]_LDC_i_2_n_0  |                1 |              1 |         1.00 |
| ~cont/controller_clk_reg_0                |                                    | cont/controller_rst                      |                1 |              2 |         2.00 |
|  cont/controller_clk_reg_0                |                                    |                                          |                1 |              2 |         2.00 |
|  cont/mem_address_reg[10]_i_2_n_0         |                                    | cont/mem_address1                        |                1 |              3 |         3.00 |
|  cont/next_state_reg[3]_i_2_n_0           |                                    |                                          |                1 |              4 |         4.00 |
|  i_clk_IBUF_BUFG                          |                                    | i_rst_IBUF                               |                1 |              4 |         4.00 |
|  cont/controller_clk_reg_0                |                                    | cont/controller_rst                      |                2 |              6 |         3.00 |
| ~i_clk_IBUF_BUFG                          | cont/number_of_words[31]_C_i_1_n_0 | cont/controller_rst                      |                2 |              8 |         4.00 |
|  cont/mem_address_reg[10]_i_2_n_0         |                                    |                                          |                3 |              8 |         2.67 |
|  cont/mem_inout0                          |                                    |                                          |                4 |              8 |         2.00 |
| ~i_clk_IBUF_BUFG                          | cont/sel                           | cont/controller_rst                      |                3 |             11 |         3.67 |
| ~i_clk_IBUF_BUFG                          | cont/number_of_words[31]_C_i_1_n_0 | cont/p_1_in                              |                7 |             24 |         3.43 |
| ~i_clk_IBUF_BUFG                          | cont/number_of_words[31]_C_i_1_n_0 | cont/number_of_words_reg[31]_LDC_i_1_n_0 |                6 |             24 |         4.00 |
+-------------------------------------------+------------------------------------+------------------------------------------+------------------+----------------+--------------+


