Copyright 1986-2021 Xilinx, Inc. All Rights Reserved.
--------------------------------------------------------------------------------------------------------------------------------------------------------------------------------------------------
| Tool Version : Vivado v.2021.2 (lin64) Build 3367213 Tue Oct 19 02:47:39 MDT 2021
| Date         : Sun Jul 24 09:47:53 2022
| Host         : dgraz running 64-bit Manjaro Linux
| Command      : report_methodology -file project_reti_logiche_methodology_drc_routed.rpt -pb project_reti_logiche_methodology_drc_routed.pb -rpx project_reti_logiche_methodology_drc_routed.rpx
| Design       : project_reti_logiche
| Device       : xc7a200tfbg484-1
| Speed File   : -1
| Design State : Fully Routed
--------------------------------------------------------------------------------------------------------------------------------------------------------------------------------------------------

Report Methodology

Table of Contents
-----------------
1. REPORT SUMMARY
2. REPORT DETAILS

1. REPORT SUMMARY
-----------------
            Netlist: netlist
          Floorplan: checkpoint_project_reti_logiche
      Design limits: <entire design considered>
             Max violations: <unlimited>
             Violations found: 170
+-----------+------------------+------------------------------+------------+
| Rule      | Severity         | Description                  | Violations |
+-----------+------------------+------------------------------+------------+
| TIMING-17 | Critical Warning | Non-clocked sequential cell  | 110        |
| LUTAR-1   | Warning          | LUT drives async reset alert | 20         |
| TIMING-20 | Warning          | Non-clocked latch            | 40         |
+-----------+------------------+------------------------------+------------+

2. REPORT DETAILS
-----------------
TIMING-17#1 Critical Warning
Non-clocked sequential cell  
The clock pin cont/base_read_reg[0]/C is not reached by a timing clock
Related violations: <none>

TIMING-17#2 Critical Warning
Non-clocked sequential cell  
The clock pin cont/base_read_reg[10]/C is not reached by a timing clock
Related violations: <none>

TIMING-17#3 Critical Warning
Non-clocked sequential cell  
The clock pin cont/base_read_reg[11]/C is not reached by a timing clock
Related violations: <none>

TIMING-17#4 Critical Warning
Non-clocked sequential cell  
The clock pin cont/base_read_reg[12]/C is not reached by a timing clock
Related violations: <none>

TIMING-17#5 Critical Warning
Non-clocked sequential cell  
The clock pin cont/base_read_reg[13]/C is not reached by a timing clock
Related violations: <none>

TIMING-17#6 Critical Warning
Non-clocked sequential cell  
The clock pin cont/base_read_reg[14]/C is not reached by a timing clock
Related violations: <none>

TIMING-17#7 Critical Warning
Non-clocked sequential cell  
The clock pin cont/base_read_reg[15]/C is not reached by a timing clock
Related violations: <none>

TIMING-17#8 Critical Warning
Non-clocked sequential cell  
The clock pin cont/base_read_reg[1]/C is not reached by a timing clock
Related violations: <none>

TIMING-17#9 Critical Warning
Non-clocked sequential cell  
The clock pin cont/base_read_reg[2]/C is not reached by a timing clock
Related violations: <none>

TIMING-17#10 Critical Warning
Non-clocked sequential cell  
The clock pin cont/base_read_reg[3]/C is not reached by a timing clock
Related violations: <none>

TIMING-17#11 Critical Warning
Non-clocked sequential cell  
The clock pin cont/base_read_reg[4]/C is not reached by a timing clock
Related violations: <none>

TIMING-17#12 Critical Warning
Non-clocked sequential cell  
The clock pin cont/base_read_reg[5]/C is not reached by a timing clock
Related violations: <none>

TIMING-17#13 Critical Warning
Non-clocked sequential cell  
The clock pin cont/base_read_reg[6]/C is not reached by a timing clock
Related violations: <none>

TIMING-17#14 Critical Warning
Non-clocked sequential cell  
The clock pin cont/base_read_reg[7]/C is not reached by a timing clock
Related violations: <none>

TIMING-17#15 Critical Warning
Non-clocked sequential cell  
The clock pin cont/base_read_reg[8]/C is not reached by a timing clock
Related violations: <none>

TIMING-17#16 Critical Warning
Non-clocked sequential cell  
The clock pin cont/base_read_reg[9]/C is not reached by a timing clock
Related violations: <none>

TIMING-17#17 Critical Warning
Non-clocked sequential cell  
The clock pin cont/base_write_reg[0]/C is not reached by a timing clock
Related violations: <none>

TIMING-17#18 Critical Warning
Non-clocked sequential cell  
The clock pin cont/base_write_reg[10]/C is not reached by a timing clock
Related violations: <none>

TIMING-17#19 Critical Warning
Non-clocked sequential cell  
The clock pin cont/base_write_reg[11]/C is not reached by a timing clock
Related violations: <none>

TIMING-17#20 Critical Warning
Non-clocked sequential cell  
The clock pin cont/base_write_reg[12]/C is not reached by a timing clock
Related violations: <none>

TIMING-17#21 Critical Warning
Non-clocked sequential cell  
The clock pin cont/base_write_reg[13]/C is not reached by a timing clock
Related violations: <none>

TIMING-17#22 Critical Warning
Non-clocked sequential cell  
The clock pin cont/base_write_reg[14]/C is not reached by a timing clock
Related violations: <none>

TIMING-17#23 Critical Warning
Non-clocked sequential cell  
The clock pin cont/base_write_reg[15]/C is not reached by a timing clock
Related violations: <none>

TIMING-17#24 Critical Warning
Non-clocked sequential cell  
The clock pin cont/base_write_reg[1]/C is not reached by a timing clock
Related violations: <none>

TIMING-17#25 Critical Warning
Non-clocked sequential cell  
The clock pin cont/base_write_reg[2]/C is not reached by a timing clock
Related violations: <none>

TIMING-17#26 Critical Warning
Non-clocked sequential cell  
The clock pin cont/base_write_reg[3]/C is not reached by a timing clock
Related violations: <none>

TIMING-17#27 Critical Warning
Non-clocked sequential cell  
The clock pin cont/base_write_reg[4]/C is not reached by a timing clock
Related violations: <none>

TIMING-17#28 Critical Warning
Non-clocked sequential cell  
The clock pin cont/base_write_reg[5]/C is not reached by a timing clock
Related violations: <none>

TIMING-17#29 Critical Warning
Non-clocked sequential cell  
The clock pin cont/base_write_reg[6]/C is not reached by a timing clock
Related violations: <none>

TIMING-17#30 Critical Warning
Non-clocked sequential cell  
The clock pin cont/base_write_reg[7]/C is not reached by a timing clock
Related violations: <none>

TIMING-17#31 Critical Warning
Non-clocked sequential cell  
The clock pin cont/base_write_reg[8]/C is not reached by a timing clock
Related violations: <none>

TIMING-17#32 Critical Warning
Non-clocked sequential cell  
The clock pin cont/base_write_reg[9]/C is not reached by a timing clock
Related violations: <none>

TIMING-17#33 Critical Warning
Non-clocked sequential cell  
The clock pin cont/component_enable_reg/C is not reached by a timing clock
Related violations: <none>

TIMING-17#34 Critical Warning
Non-clocked sequential cell  
The clock pin cont/controller_clk_reg/C is not reached by a timing clock
Related violations: <none>

TIMING-17#35 Critical Warning
Non-clocked sequential cell  
The clock pin cont/current_state_reg[0]/C is not reached by a timing clock
Related violations: <none>

TIMING-17#36 Critical Warning
Non-clocked sequential cell  
The clock pin cont/current_state_reg[1]/C is not reached by a timing clock
Related violations: <none>

TIMING-17#37 Critical Warning
Non-clocked sequential cell  
The clock pin cont/current_state_reg[2]/C is not reached by a timing clock
Related violations: <none>

TIMING-17#38 Critical Warning
Non-clocked sequential cell  
The clock pin cont/current_state_reg[3]/C is not reached by a timing clock
Related violations: <none>

TIMING-17#39 Critical Warning
Non-clocked sequential cell  
The clock pin cont/number_of_words_reg[0]_C/C is not reached by a timing clock
Related violations: <none>

TIMING-17#40 Critical Warning
Non-clocked sequential cell  
The clock pin cont/number_of_words_reg[0]_P/C is not reached by a timing clock
Related violations: <none>

TIMING-17#41 Critical Warning
Non-clocked sequential cell  
The clock pin cont/number_of_words_reg[10]_C/C is not reached by a timing clock
Related violations: <none>

TIMING-17#42 Critical Warning
Non-clocked sequential cell  
The clock pin cont/number_of_words_reg[10]_P/C is not reached by a timing clock
Related violations: <none>

TIMING-17#43 Critical Warning
Non-clocked sequential cell  
The clock pin cont/number_of_words_reg[11]_C/C is not reached by a timing clock
Related violations: <none>

TIMING-17#44 Critical Warning
Non-clocked sequential cell  
The clock pin cont/number_of_words_reg[11]_P/C is not reached by a timing clock
Related violations: <none>

TIMING-17#45 Critical Warning
Non-clocked sequential cell  
The clock pin cont/number_of_words_reg[12]_C/C is not reached by a timing clock
Related violations: <none>

TIMING-17#46 Critical Warning
Non-clocked sequential cell  
The clock pin cont/number_of_words_reg[12]_P/C is not reached by a timing clock
Related violations: <none>

TIMING-17#47 Critical Warning
Non-clocked sequential cell  
The clock pin cont/number_of_words_reg[13]_C/C is not reached by a timing clock
Related violations: <none>

TIMING-17#48 Critical Warning
Non-clocked sequential cell  
The clock pin cont/number_of_words_reg[13]_P/C is not reached by a timing clock
Related violations: <none>

TIMING-17#49 Critical Warning
Non-clocked sequential cell  
The clock pin cont/number_of_words_reg[14]_C/C is not reached by a timing clock
Related violations: <none>

TIMING-17#50 Critical Warning
Non-clocked sequential cell  
The clock pin cont/number_of_words_reg[14]_P/C is not reached by a timing clock
Related violations: <none>

TIMING-17#51 Critical Warning
Non-clocked sequential cell  
The clock pin cont/number_of_words_reg[15]_C/C is not reached by a timing clock
Related violations: <none>

TIMING-17#52 Critical Warning
Non-clocked sequential cell  
The clock pin cont/number_of_words_reg[15]_P/C is not reached by a timing clock
Related violations: <none>

TIMING-17#53 Critical Warning
Non-clocked sequential cell  
The clock pin cont/number_of_words_reg[16]_C/C is not reached by a timing clock
Related violations: <none>

TIMING-17#54 Critical Warning
Non-clocked sequential cell  
The clock pin cont/number_of_words_reg[16]_P/C is not reached by a timing clock
Related violations: <none>

TIMING-17#55 Critical Warning
Non-clocked sequential cell  
The clock pin cont/number_of_words_reg[17]_C/C is not reached by a timing clock
Related violations: <none>

TIMING-17#56 Critical Warning
Non-clocked sequential cell  
The clock pin cont/number_of_words_reg[17]_P/C is not reached by a timing clock
Related violations: <none>

TIMING-17#57 Critical Warning
Non-clocked sequential cell  
The clock pin cont/number_of_words_reg[18]_C/C is not reached by a timing clock
Related violations: <none>

TIMING-17#58 Critical Warning
Non-clocked sequential cell  
The clock pin cont/number_of_words_reg[18]_P/C is not reached by a timing clock
Related violations: <none>

TIMING-17#59 Critical Warning
Non-clocked sequential cell  
The clock pin cont/number_of_words_reg[19]_C/C is not reached by a timing clock
Related violations: <none>

TIMING-17#60 Critical Warning
Non-clocked sequential cell  
The clock pin cont/number_of_words_reg[19]_P/C is not reached by a timing clock
Related violations: <none>

TIMING-17#61 Critical Warning
Non-clocked sequential cell  
The clock pin cont/number_of_words_reg[1]_C/C is not reached by a timing clock
Related violations: <none>

TIMING-17#62 Critical Warning
Non-clocked sequential cell  
The clock pin cont/number_of_words_reg[1]_P/C is not reached by a timing clock
Related violations: <none>

TIMING-17#63 Critical Warning
Non-clocked sequential cell  
The clock pin cont/number_of_words_reg[20]_C/C is not reached by a timing clock
Related violations: <none>

TIMING-17#64 Critical Warning
Non-clocked sequential cell  
The clock pin cont/number_of_words_reg[20]_P/C is not reached by a timing clock
Related violations: <none>

TIMING-17#65 Critical Warning
Non-clocked sequential cell  
The clock pin cont/number_of_words_reg[21]_C/C is not reached by a timing clock
Related violations: <none>

TIMING-17#66 Critical Warning
Non-clocked sequential cell  
The clock pin cont/number_of_words_reg[21]_P/C is not reached by a timing clock
Related violations: <none>

TIMING-17#67 Critical Warning
Non-clocked sequential cell  
The clock pin cont/number_of_words_reg[22]_C/C is not reached by a timing clock
Related violations: <none>

TIMING-17#68 Critical Warning
Non-clocked sequential cell  
The clock pin cont/number_of_words_reg[22]_P/C is not reached by a timing clock
Related violations: <none>

TIMING-17#69 Critical Warning
Non-clocked sequential cell  
The clock pin cont/number_of_words_reg[23]_C/C is not reached by a timing clock
Related violations: <none>

TIMING-17#70 Critical Warning
Non-clocked sequential cell  
The clock pin cont/number_of_words_reg[23]_P/C is not reached by a timing clock
Related violations: <none>

TIMING-17#71 Critical Warning
Non-clocked sequential cell  
The clock pin cont/number_of_words_reg[24]_C/C is not reached by a timing clock
Related violations: <none>

TIMING-17#72 Critical Warning
Non-clocked sequential cell  
The clock pin cont/number_of_words_reg[24]_P/C is not reached by a timing clock
Related violations: <none>

TIMING-17#73 Critical Warning
Non-clocked sequential cell  
The clock pin cont/number_of_words_reg[25]_C/C is not reached by a timing clock
Related violations: <none>

TIMING-17#74 Critical Warning
Non-clocked sequential cell  
The clock pin cont/number_of_words_reg[25]_P/C is not reached by a timing clock
Related violations: <none>

TIMING-17#75 Critical Warning
Non-clocked sequential cell  
The clock pin cont/number_of_words_reg[26]_C/C is not reached by a timing clock
Related violations: <none>

TIMING-17#76 Critical Warning
Non-clocked sequential cell  
The clock pin cont/number_of_words_reg[26]_P/C is not reached by a timing clock
Related violations: <none>

TIMING-17#77 Critical Warning
Non-clocked sequential cell  
The clock pin cont/number_of_words_reg[27]_C/C is not reached by a timing clock
Related violations: <none>

TIMING-17#78 Critical Warning
Non-clocked sequential cell  
The clock pin cont/number_of_words_reg[27]_P/C is not reached by a timing clock
Related violations: <none>

TIMING-17#79 Critical Warning
Non-clocked sequential cell  
The clock pin cont/number_of_words_reg[28]_C/C is not reached by a timing clock
Related violations: <none>

TIMING-17#80 Critical Warning
Non-clocked sequential cell  
The clock pin cont/number_of_words_reg[28]_P/C is not reached by a timing clock
Related violations: <none>

TIMING-17#81 Critical Warning
Non-clocked sequential cell  
The clock pin cont/number_of_words_reg[29]_C/C is not reached by a timing clock
Related violations: <none>

TIMING-17#82 Critical Warning
Non-clocked sequential cell  
The clock pin cont/number_of_words_reg[29]_P/C is not reached by a timing clock
Related violations: <none>

TIMING-17#83 Critical Warning
Non-clocked sequential cell  
The clock pin cont/number_of_words_reg[2]_C/C is not reached by a timing clock
Related violations: <none>

TIMING-17#84 Critical Warning
Non-clocked sequential cell  
The clock pin cont/number_of_words_reg[2]_P/C is not reached by a timing clock
Related violations: <none>

TIMING-17#85 Critical Warning
Non-clocked sequential cell  
The clock pin cont/number_of_words_reg[30]_C/C is not reached by a timing clock
Related violations: <none>

TIMING-17#86 Critical Warning
Non-clocked sequential cell  
The clock pin cont/number_of_words_reg[30]_P/C is not reached by a timing clock
Related violations: <none>

TIMING-17#87 Critical Warning
Non-clocked sequential cell  
The clock pin cont/number_of_words_reg[31]_C/C is not reached by a timing clock
Related violations: <none>

TIMING-17#88 Critical Warning
Non-clocked sequential cell  
The clock pin cont/number_of_words_reg[31]_P/C is not reached by a timing clock
Related violations: <none>

TIMING-17#89 Critical Warning
Non-clocked sequential cell  
The clock pin cont/number_of_words_reg[3]_C/C is not reached by a timing clock
Related violations: <none>

TIMING-17#90 Critical Warning
Non-clocked sequential cell  
The clock pin cont/number_of_words_reg[3]_P/C is not reached by a timing clock
Related violations: <none>

TIMING-17#91 Critical Warning
Non-clocked sequential cell  
The clock pin cont/number_of_words_reg[4]_C/C is not reached by a timing clock
Related violations: <none>

TIMING-17#92 Critical Warning
Non-clocked sequential cell  
The clock pin cont/number_of_words_reg[4]_P/C is not reached by a timing clock
Related violations: <none>

TIMING-17#93 Critical Warning
Non-clocked sequential cell  
The clock pin cont/number_of_words_reg[5]_C/C is not reached by a timing clock
Related violations: <none>

TIMING-17#94 Critical Warning
Non-clocked sequential cell  
The clock pin cont/number_of_words_reg[5]_P/C is not reached by a timing clock
Related violations: <none>

TIMING-17#95 Critical Warning
Non-clocked sequential cell  
The clock pin cont/number_of_words_reg[6]_C/C is not reached by a timing clock
Related violations: <none>

TIMING-17#96 Critical Warning
Non-clocked sequential cell  
The clock pin cont/number_of_words_reg[6]_P/C is not reached by a timing clock
Related violations: <none>

TIMING-17#97 Critical Warning
Non-clocked sequential cell  
The clock pin cont/number_of_words_reg[7]_C/C is not reached by a timing clock
Related violations: <none>

TIMING-17#98 Critical Warning
Non-clocked sequential cell  
The clock pin cont/number_of_words_reg[7]_P/C is not reached by a timing clock
Related violations: <none>

TIMING-17#99 Critical Warning
Non-clocked sequential cell  
The clock pin cont/number_of_words_reg[8]_C/C is not reached by a timing clock
Related violations: <none>

TIMING-17#100 Critical Warning
Non-clocked sequential cell  
The clock pin cont/number_of_words_reg[8]_P/C is not reached by a timing clock
Related violations: <none>

TIMING-17#101 Critical Warning
Non-clocked sequential cell  
The clock pin cont/number_of_words_reg[9]_C/C is not reached by a timing clock
Related violations: <none>

TIMING-17#102 Critical Warning
Non-clocked sequential cell  
The clock pin cont/number_of_words_reg[9]_P/C is not reached by a timing clock
Related violations: <none>

TIMING-17#103 Critical Warning
Non-clocked sequential cell  
The clock pin encoder/FF1/output_reg/C is not reached by a timing clock
Related violations: <none>

TIMING-17#104 Critical Warning
Non-clocked sequential cell  
The clock pin encoder/FF2/output_reg/C is not reached by a timing clock
Related violations: <none>

TIMING-17#105 Critical Warning
Non-clocked sequential cell  
The clock pin str_mng/half_z_inout_shifter_reg[2]/C is not reached by a timing clock
Related violations: <none>

TIMING-17#106 Critical Warning
Non-clocked sequential cell  
The clock pin str_mng/half_z_inout_shifter_reg[3]/C is not reached by a timing clock
Related violations: <none>

TIMING-17#107 Critical Warning
Non-clocked sequential cell  
The clock pin str_mng/half_z_inout_shifter_reg[4]/C is not reached by a timing clock
Related violations: <none>

TIMING-17#108 Critical Warning
Non-clocked sequential cell  
The clock pin str_mng/half_z_inout_shifter_reg[5]/C is not reached by a timing clock
Related violations: <none>

TIMING-17#109 Critical Warning
Non-clocked sequential cell  
The clock pin str_mng/half_z_inout_shifter_reg[6]/C is not reached by a timing clock
Related violations: <none>

TIMING-17#110 Critical Warning
Non-clocked sequential cell  
The clock pin str_mng/half_z_inout_shifter_reg[7]/C is not reached by a timing clock
Related violations: <none>

LUTAR-1#1 Warning
LUT drives async reset alert  
LUT cell cont/component_enable_i_1, with 2 or more inputs, drives asynchronous preset/clear pin(s) cont/component_enable_reg/PRE. The LUT may glitch and trigger an unexpected reset, even if it is a properly timed path.
Related violations: <none>

LUTAR-1#2 Warning
LUT drives async reset alert  
LUT cell cont/done_reg_i_1, with 2 or more inputs, drives asynchronous preset/clear pin(s) cont/done_reg/PRE. The LUT may glitch and trigger an unexpected reset, even if it is a properly timed path.
Related violations: <none>

LUTAR-1#3 Warning
LUT drives async reset alert  
LUT cell cont/number_of_words_reg[0]_LDC_i_1, with 2 or more inputs, drives asynchronous preset/clear pin(s) cont/number_of_words_reg[0]_P/PRE. The LUT may glitch and trigger an unexpected reset, even if it is a properly timed path.
Related violations: <none>

LUTAR-1#4 Warning
LUT drives async reset alert  
LUT cell cont/number_of_words_reg[0]_LDC_i_2, with 2 or more inputs, drives asynchronous preset/clear pin(s) cont/number_of_words_reg[0]_C/CLR, cont/number_of_words_reg[0]_LDC/CLR. The LUT may glitch and trigger an unexpected reset, even if it is a properly timed path.
Related violations: <none>

LUTAR-1#5 Warning
LUT drives async reset alert  
LUT cell cont/number_of_words_reg[1]_LDC_i_1, with 2 or more inputs, drives asynchronous preset/clear pin(s) cont/number_of_words_reg[1]_P/PRE. The LUT may glitch and trigger an unexpected reset, even if it is a properly timed path.
Related violations: <none>

LUTAR-1#6 Warning
LUT drives async reset alert  
LUT cell cont/number_of_words_reg[1]_LDC_i_2, with 2 or more inputs, drives asynchronous preset/clear pin(s) cont/number_of_words_reg[1]_C/CLR, cont/number_of_words_reg[1]_LDC/CLR. The LUT may glitch and trigger an unexpected reset, even if it is a properly timed path.
Related violations: <none>

LUTAR-1#7 Warning
LUT drives async reset alert  
LUT cell cont/number_of_words_reg[2]_LDC_i_1, with 2 or more inputs, drives asynchronous preset/clear pin(s) cont/number_of_words_reg[2]_P/PRE. The LUT may glitch and trigger an unexpected reset, even if it is a properly timed path.
Related violations: <none>

LUTAR-1#8 Warning
LUT drives async reset alert  
LUT cell cont/number_of_words_reg[2]_LDC_i_2, with 2 or more inputs, drives asynchronous preset/clear pin(s) cont/number_of_words_reg[2]_C/CLR, cont/number_of_words_reg[2]_LDC/CLR. The LUT may glitch and trigger an unexpected reset, even if it is a properly timed path.
Related violations: <none>

LUTAR-1#9 Warning
LUT drives async reset alert  
LUT cell cont/number_of_words_reg[31]_LDC_i_1, with 2 or more inputs, drives asynchronous preset/clear pin(s) cont/number_of_words_reg[10]_P/PRE, cont/number_of_words_reg[11]_P/PRE,
cont/number_of_words_reg[12]_P/PRE, cont/number_of_words_reg[13]_P/PRE,
cont/number_of_words_reg[14]_P/PRE, cont/number_of_words_reg[15]_P/PRE,
cont/number_of_words_reg[16]_P/PRE, cont/number_of_words_reg[17]_P/PRE,
cont/number_of_words_reg[18]_P/PRE, cont/number_of_words_reg[19]_P/PRE,
cont/number_of_words_reg[20]_P/PRE, cont/number_of_words_reg[21]_P/PRE,
cont/number_of_words_reg[22]_P/PRE, cont/number_of_words_reg[23]_P/PRE,
cont/number_of_words_reg[24]_P/PRE (the first 15 of 24 listed). The LUT may glitch and trigger an unexpected reset, even if it is a properly timed path.
Related violations: <none>

LUTAR-1#10 Warning
LUT drives async reset alert  
LUT cell cont/number_of_words_reg[31]_LDC_i_2, with 2 or more inputs, drives asynchronous preset/clear pin(s) cont/number_of_words_reg[10]_C/CLR, cont/number_of_words_reg[11]_C/CLR,
cont/number_of_words_reg[12]_C/CLR, cont/number_of_words_reg[13]_C/CLR,
cont/number_of_words_reg[14]_C/CLR, cont/number_of_words_reg[15]_C/CLR,
cont/number_of_words_reg[16]_C/CLR, cont/number_of_words_reg[17]_C/CLR,
cont/number_of_words_reg[18]_C/CLR, cont/number_of_words_reg[19]_C/CLR,
cont/number_of_words_reg[20]_C/CLR, cont/number_of_words_reg[21]_C/CLR,
cont/number_of_words_reg[22]_C/CLR, cont/number_of_words_reg[23]_C/CLR,
cont/number_of_words_reg[24]_C/CLR (the first 15 of 25 listed). The LUT may glitch and trigger an unexpected reset, even if it is a properly timed path.
Related violations: <none>

LUTAR-1#11 Warning
LUT drives async reset alert  
LUT cell cont/number_of_words_reg[3]_LDC_i_1, with 2 or more inputs, drives asynchronous preset/clear pin(s) cont/number_of_words_reg[3]_P/PRE. The LUT may glitch and trigger an unexpected reset, even if it is a properly timed path.
Related violations: <none>

LUTAR-1#12 Warning
LUT drives async reset alert  
LUT cell cont/number_of_words_reg[3]_LDC_i_2, with 2 or more inputs, drives asynchronous preset/clear pin(s) cont/number_of_words_reg[3]_C/CLR, cont/number_of_words_reg[3]_LDC/CLR. The LUT may glitch and trigger an unexpected reset, even if it is a properly timed path.
Related violations: <none>

LUTAR-1#13 Warning
LUT drives async reset alert  
LUT cell cont/number_of_words_reg[4]_LDC_i_1, with 2 or more inputs, drives asynchronous preset/clear pin(s) cont/number_of_words_reg[4]_P/PRE. The LUT may glitch and trigger an unexpected reset, even if it is a properly timed path.
Related violations: <none>

LUTAR-1#14 Warning
LUT drives async reset alert  
LUT cell cont/number_of_words_reg[4]_LDC_i_2, with 2 or more inputs, drives asynchronous preset/clear pin(s) cont/number_of_words_reg[4]_C/CLR, cont/number_of_words_reg[4]_LDC/CLR. The LUT may glitch and trigger an unexpected reset, even if it is a properly timed path.
Related violations: <none>

LUTAR-1#15 Warning
LUT drives async reset alert  
LUT cell cont/number_of_words_reg[5]_LDC_i_1, with 2 or more inputs, drives asynchronous preset/clear pin(s) cont/number_of_words_reg[5]_P/PRE. The LUT may glitch and trigger an unexpected reset, even if it is a properly timed path.
Related violations: <none>

LUTAR-1#16 Warning
LUT drives async reset alert  
LUT cell cont/number_of_words_reg[5]_LDC_i_2, with 2 or more inputs, drives asynchronous preset/clear pin(s) cont/number_of_words_reg[5]_C/CLR, cont/number_of_words_reg[5]_LDC/CLR. The LUT may glitch and trigger an unexpected reset, even if it is a properly timed path.
Related violations: <none>

LUTAR-1#17 Warning
LUT drives async reset alert  
LUT cell cont/number_of_words_reg[6]_LDC_i_1, with 2 or more inputs, drives asynchronous preset/clear pin(s) cont/number_of_words_reg[6]_P/PRE. The LUT may glitch and trigger an unexpected reset, even if it is a properly timed path.
Related violations: <none>

LUTAR-1#18 Warning
LUT drives async reset alert  
LUT cell cont/number_of_words_reg[6]_LDC_i_2, with 2 or more inputs, drives asynchronous preset/clear pin(s) cont/number_of_words_reg[6]_C/CLR, cont/number_of_words_reg[6]_LDC/CLR. The LUT may glitch and trigger an unexpected reset, even if it is a properly timed path.
Related violations: <none>

LUTAR-1#19 Warning
LUT drives async reset alert  
LUT cell cont/number_of_words_reg[7]_LDC_i_1, with 2 or more inputs, drives asynchronous preset/clear pin(s) cont/number_of_words_reg[7]_P/PRE. The LUT may glitch and trigger an unexpected reset, even if it is a properly timed path.
Related violations: <none>

LUTAR-1#20 Warning
LUT drives async reset alert  
LUT cell cont/number_of_words_reg[7]_LDC_i_2, with 2 or more inputs, drives asynchronous preset/clear pin(s) cont/number_of_words_reg[7]_C/CLR, cont/number_of_words_reg[7]_LDC/CLR. The LUT may glitch and trigger an unexpected reset, even if it is a properly timed path.
Related violations: <none>

TIMING-20#1 Warning
Non-clocked latch  
The latch cont/done_reg cannot be properly analyzed as its control pin cont/done_reg/G is not reached by a timing clock
Related violations: <none>

TIMING-20#2 Warning
Non-clocked latch  
The latch cont/mem_address_reg[0] cannot be properly analyzed as its control pin cont/mem_address_reg[0]/G is not reached by a timing clock
Related violations: <none>

TIMING-20#3 Warning
Non-clocked latch  
The latch cont/mem_address_reg[10] cannot be properly analyzed as its control pin cont/mem_address_reg[10]/G is not reached by a timing clock
Related violations: <none>

TIMING-20#4 Warning
Non-clocked latch  
The latch cont/mem_address_reg[11] cannot be properly analyzed as its control pin cont/mem_address_reg[11]/G is not reached by a timing clock
Related violations: <none>

TIMING-20#5 Warning
Non-clocked latch  
The latch cont/mem_address_reg[12] cannot be properly analyzed as its control pin cont/mem_address_reg[12]/G is not reached by a timing clock
Related violations: <none>

TIMING-20#6 Warning
Non-clocked latch  
The latch cont/mem_address_reg[13] cannot be properly analyzed as its control pin cont/mem_address_reg[13]/G is not reached by a timing clock
Related violations: <none>

TIMING-20#7 Warning
Non-clocked latch  
The latch cont/mem_address_reg[14] cannot be properly analyzed as its control pin cont/mem_address_reg[14]/G is not reached by a timing clock
Related violations: <none>

TIMING-20#8 Warning
Non-clocked latch  
The latch cont/mem_address_reg[15] cannot be properly analyzed as its control pin cont/mem_address_reg[15]/G is not reached by a timing clock
Related violations: <none>

TIMING-20#9 Warning
Non-clocked latch  
The latch cont/mem_address_reg[1] cannot be properly analyzed as its control pin cont/mem_address_reg[1]/G is not reached by a timing clock
Related violations: <none>

TIMING-20#10 Warning
Non-clocked latch  
The latch cont/mem_address_reg[2] cannot be properly analyzed as its control pin cont/mem_address_reg[2]/G is not reached by a timing clock
Related violations: <none>

TIMING-20#11 Warning
Non-clocked latch  
The latch cont/mem_address_reg[3] cannot be properly analyzed as its control pin cont/mem_address_reg[3]/G is not reached by a timing clock
Related violations: <none>

TIMING-20#12 Warning
Non-clocked latch  
The latch cont/mem_address_reg[4] cannot be properly analyzed as its control pin cont/mem_address_reg[4]/G is not reached by a timing clock
Related violations: <none>

TIMING-20#13 Warning
Non-clocked latch  
The latch cont/mem_address_reg[5] cannot be properly analyzed as its control pin cont/mem_address_reg[5]/G is not reached by a timing clock
Related violations: <none>

TIMING-20#14 Warning
Non-clocked latch  
The latch cont/mem_address_reg[6] cannot be properly analyzed as its control pin cont/mem_address_reg[6]/G is not reached by a timing clock
Related violations: <none>

TIMING-20#15 Warning
Non-clocked latch  
The latch cont/mem_address_reg[7] cannot be properly analyzed as its control pin cont/mem_address_reg[7]/G is not reached by a timing clock
Related violations: <none>

TIMING-20#16 Warning
Non-clocked latch  
The latch cont/mem_address_reg[8] cannot be properly analyzed as its control pin cont/mem_address_reg[8]/G is not reached by a timing clock
Related violations: <none>

TIMING-20#17 Warning
Non-clocked latch  
The latch cont/mem_address_reg[9] cannot be properly analyzed as its control pin cont/mem_address_reg[9]/G is not reached by a timing clock
Related violations: <none>

TIMING-20#18 Warning
Non-clocked latch  
The latch cont/mem_inout_reg[0] cannot be properly analyzed as its control pin cont/mem_inout_reg[0]/G is not reached by a timing clock
Related violations: <none>

TIMING-20#19 Warning
Non-clocked latch  
The latch cont/mem_inout_reg[1] cannot be properly analyzed as its control pin cont/mem_inout_reg[1]/G is not reached by a timing clock
Related violations: <none>

TIMING-20#20 Warning
Non-clocked latch  
The latch cont/mem_inout_reg[2] cannot be properly analyzed as its control pin cont/mem_inout_reg[2]/G is not reached by a timing clock
Related violations: <none>

TIMING-20#21 Warning
Non-clocked latch  
The latch cont/mem_inout_reg[3] cannot be properly analyzed as its control pin cont/mem_inout_reg[3]/G is not reached by a timing clock
Related violations: <none>

TIMING-20#22 Warning
Non-clocked latch  
The latch cont/mem_inout_reg[4] cannot be properly analyzed as its control pin cont/mem_inout_reg[4]/G is not reached by a timing clock
Related violations: <none>

TIMING-20#23 Warning
Non-clocked latch  
The latch cont/mem_inout_reg[5] cannot be properly analyzed as its control pin cont/mem_inout_reg[5]/G is not reached by a timing clock
Related violations: <none>

TIMING-20#24 Warning
Non-clocked latch  
The latch cont/mem_inout_reg[6] cannot be properly analyzed as its control pin cont/mem_inout_reg[6]/G is not reached by a timing clock
Related violations: <none>

TIMING-20#25 Warning
Non-clocked latch  
The latch cont/mem_inout_reg[7] cannot be properly analyzed as its control pin cont/mem_inout_reg[7]/G is not reached by a timing clock
Related violations: <none>

TIMING-20#26 Warning
Non-clocked latch  
The latch cont/next_state_reg[0] cannot be properly analyzed as its control pin cont/next_state_reg[0]/G is not reached by a timing clock
Related violations: <none>

TIMING-20#27 Warning
Non-clocked latch  
The latch cont/next_state_reg[1] cannot be properly analyzed as its control pin cont/next_state_reg[1]/G is not reached by a timing clock
Related violations: <none>

TIMING-20#28 Warning
Non-clocked latch  
The latch cont/next_state_reg[2] cannot be properly analyzed as its control pin cont/next_state_reg[2]/G is not reached by a timing clock
Related violations: <none>

TIMING-20#29 Warning
Non-clocked latch  
The latch cont/next_state_reg[3] cannot be properly analyzed as its control pin cont/next_state_reg[3]/G is not reached by a timing clock
Related violations: <none>

TIMING-20#30 Warning
Non-clocked latch  
The latch cont/number_of_words_reg[0]_LDC cannot be properly analyzed as its control pin cont/number_of_words_reg[0]_LDC/G is not reached by a timing clock
Related violations: <none>

TIMING-20#31 Warning
Non-clocked latch  
The latch cont/number_of_words_reg[1]_LDC cannot be properly analyzed as its control pin cont/number_of_words_reg[1]_LDC/G is not reached by a timing clock
Related violations: <none>

TIMING-20#32 Warning
Non-clocked latch  
The latch cont/number_of_words_reg[2]_LDC cannot be properly analyzed as its control pin cont/number_of_words_reg[2]_LDC/G is not reached by a timing clock
Related violations: <none>

TIMING-20#33 Warning
Non-clocked latch  
The latch cont/number_of_words_reg[31]_LDC cannot be properly analyzed as its control pin cont/number_of_words_reg[31]_LDC/G is not reached by a timing clock
Related violations: <none>

TIMING-20#34 Warning
Non-clocked latch  
The latch cont/number_of_words_reg[3]_LDC cannot be properly analyzed as its control pin cont/number_of_words_reg[3]_LDC/G is not reached by a timing clock
Related violations: <none>

TIMING-20#35 Warning
Non-clocked latch  
The latch cont/number_of_words_reg[4]_LDC cannot be properly analyzed as its control pin cont/number_of_words_reg[4]_LDC/G is not reached by a timing clock
Related violations: <none>

TIMING-20#36 Warning
Non-clocked latch  
The latch cont/number_of_words_reg[5]_LDC cannot be properly analyzed as its control pin cont/number_of_words_reg[5]_LDC/G is not reached by a timing clock
Related violations: <none>

TIMING-20#37 Warning
Non-clocked latch  
The latch cont/number_of_words_reg[6]_LDC cannot be properly analyzed as its control pin cont/number_of_words_reg[6]_LDC/G is not reached by a timing clock
Related violations: <none>

TIMING-20#38 Warning
Non-clocked latch  
The latch cont/number_of_words_reg[7]_LDC cannot be properly analyzed as its control pin cont/number_of_words_reg[7]_LDC/G is not reached by a timing clock
Related violations: <none>

TIMING-20#39 Warning
Non-clocked latch  
The latch encoder/p1k_reg cannot be properly analyzed as its control pin encoder/p1k_reg/G is not reached by a timing clock
Related violations: <none>

TIMING-20#40 Warning
Non-clocked latch  
The latch encoder/p2k_reg cannot be properly analyzed as its control pin encoder/p2k_reg/G is not reached by a timing clock
Related violations: <none>


