Time resolution is 1 ps
WARNING: "/wrk/ci/prod/2021.2/rdi_builds/continuous/2021_10_19_3367213/data/verilog/src/unisims/LDCE.v" Line 155: Timing violation in scope /project_tb/UUT/cont/number_of_words_reg[0]_LDC/TChk155_1829 at time 374597 ps $recrem (posedge CLR,posedge G,(0:0:0),(0:0:0),notifier,tl_enable_p,tl_enable_p,CLR_dly,G_dly) 
WARNING: "/wrk/ci/prod/2021.2/rdi_builds/continuous/2021_10_19_3367213/data/verilog/src/unisims/LDCE.v" Line 155: Timing violation in scope /project_tb/UUT/cont/number_of_words_reg[1]_LDC/TChk155_1829 at time 374597 ps $recrem (posedge CLR,posedge G,(0:0:0),(0:0:0),notifier,tl_enable_p,tl_enable_p,CLR_dly,G_dly) 
WARNING: "/wrk/ci/prod/2021.2/rdi_builds/continuous/2021_10_19_3367213/data/verilog/src/unisims/LDCE.v" Line 155: Timing violation in scope /project_tb/UUT/cont/number_of_words_reg[2]_LDC/TChk155_1829 at time 374597 ps $recrem (posedge CLR,posedge G,(0:0:0),(0:0:0),notifier,tl_enable_p,tl_enable_p,CLR_dly,G_dly) 
WARNING: "/wrk/ci/prod/2021.2/rdi_builds/continuous/2021_10_19_3367213/data/verilog/src/unisims/LDCE.v" Line 155: Timing violation in scope /project_tb/UUT/cont/number_of_words_reg[3]_LDC/TChk155_1829 at time 374597 ps $recrem (posedge CLR,posedge G,(0:0:0),(0:0:0),notifier,tl_enable_p,tl_enable_p,CLR_dly,G_dly) 
WARNING: "/wrk/ci/prod/2021.2/rdi_builds/continuous/2021_10_19_3367213/data/verilog/src/unisims/LDCE.v" Line 155: Timing violation in scope /project_tb/UUT/cont/number_of_words_reg[4]_LDC/TChk155_1829 at time 374597 ps $recrem (posedge CLR,posedge G,(0:0:0),(0:0:0),notifier,tl_enable_p,tl_enable_p,CLR_dly,G_dly) 
WARNING: "/wrk/ci/prod/2021.2/rdi_builds/continuous/2021_10_19_3367213/data/verilog/src/unisims/LDCE.v" Line 155: Timing violation in scope /project_tb/UUT/cont/number_of_words_reg[5]_LDC/TChk155_1829 at time 374597 ps $recrem (posedge CLR,posedge G,(0:0:0),(0:0:0),notifier,tl_enable_p,tl_enable_p,CLR_dly,G_dly) 
WARNING: "/wrk/ci/prod/2021.2/rdi_builds/continuous/2021_10_19_3367213/data/verilog/src/unisims/LDCE.v" Line 155: Timing violation in scope /project_tb/UUT/cont/number_of_words_reg[6]_LDC/TChk155_1829 at time 374597 ps $recrem (posedge CLR,posedge G,(0:0:0),(0:0:0),notifier,tl_enable_p,tl_enable_p,CLR_dly,G_dly) 
WARNING: "/wrk/ci/prod/2021.2/rdi_builds/continuous/2021_10_19_3367213/data/verilog/src/unisims/LDCE.v" Line 155: Timing violation in scope /project_tb/UUT/cont/number_of_words_reg[7]_LDC/TChk155_1829 at time 374597 ps $recrem (posedge CLR,posedge G,(0:0:0),(0:0:0),notifier,tl_enable_p,tl_enable_p,CLR_dly,G_dly) 
WARNING: "/wrk/ci/prod/2021.2/rdi_builds/continuous/2021_10_19_3367213/data/verilog/src/unisims/LDCE.v" Line 155: Timing violation in scope /project_tb/UUT/cont/number_of_words_reg[2]_LDC/TChk155_1829 at time 994597 ps $recrem (posedge CLR,posedge G,(0:0:0),(0:0:0),notifier,tl_enable_p,tl_enable_p,CLR_dly,G_dly) 
WARNING: "/wrk/ci/prod/2021.2/rdi_builds/continuous/2021_10_19_3367213/data/verilog/src/unisims/LDCE.v" Line 155: Timing violation in scope /project_tb/UUT/cont/number_of_words_reg[4]_LDC/TChk155_1829 at time 994740 ps $recrem (posedge CLR,posedge G,(0:0:0),(0:0:0),notifier,tl_enable_p,tl_enable_p,CLR_dly,G_dly) 
WARNING: "/wrk/ci/prod/2021.2/rdi_builds/continuous/2021_10_19_3367213/data/verilog/src/unisims/LDCE.v" Line 155: Timing violation in scope /project_tb/UUT/cont/number_of_words_reg[6]_LDC/TChk155_1829 at time 994740 ps $recrem (posedge CLR,posedge G,(0:0:0),(0:0:0),notifier,tl_enable_p,tl_enable_p,CLR_dly,G_dly) 
WARNING: "/wrk/ci/prod/2021.2/rdi_builds/continuous/2021_10_19_3367213/data/verilog/src/unisims/LDCE.v" Line 155: Timing violation in scope /project_tb/UUT/cont/number_of_words_reg[7]_LDC/TChk155_1829 at time 994740 ps $recrem (posedge CLR,posedge G,(0:0:0),(0:0:0),notifier,tl_enable_p,tl_enable_p,CLR_dly,G_dly) 
WARNING: "/wrk/ci/prod/2021.2/rdi_builds/continuous/2021_10_19_3367213/data/verilog/src/unisims/LDCE.v" Line 155: Timing violation in scope /project_tb/UUT/cont/number_of_words_reg[0]_LDC/TChk155_1829 at time 374597 ps $recrem (posedge CLR,posedge G,(0:0:0),(0:0:0),notifier,tl_enable_p,tl_enable_p,CLR_dly,G_dly) 
WARNING: "/wrk/ci/prod/2021.2/rdi_builds/continuous/2021_10_19_3367213/data/verilog/src/unisims/LDCE.v" Line 155: Timing violation in scope /project_tb/UUT/cont/number_of_words_reg[1]_LDC/TChk155_1829 at time 374597 ps $recrem (posedge CLR,posedge G,(0:0:0),(0:0:0),notifier,tl_enable_p,tl_enable_p,CLR_dly,G_dly) 
WARNING: "/wrk/ci/prod/2021.2/rdi_builds/continuous/2021_10_19_3367213/data/verilog/src/unisims/LDCE.v" Line 155: Timing violation in scope /project_tb/UUT/cont/number_of_words_reg[2]_LDC/TChk155_1829 at time 374597 ps $recrem (posedge CLR,posedge G,(0:0:0),(0:0:0),notifier,tl_enable_p,tl_enable_p,CLR_dly,G_dly) 
WARNING: "/wrk/ci/prod/2021.2/rdi_builds/continuous/2021_10_19_3367213/data/verilog/src/unisims/LDCE.v" Line 155: Timing violation in scope /project_tb/UUT/cont/number_of_words_reg[3]_LDC/TChk155_1829 at time 374597 ps $recrem (posedge CLR,posedge G,(0:0:0),(0:0:0),notifier,tl_enable_p,tl_enable_p,CLR_dly,G_dly) 
WARNING: "/wrk/ci/prod/2021.2/rdi_builds/continuous/2021_10_19_3367213/data/verilog/src/unisims/LDCE.v" Line 155: Timing violation in scope /project_tb/UUT/cont/number_of_words_reg[4]_LDC/TChk155_1829 at time 374597 ps $recrem (posedge CLR,posedge G,(0:0:0),(0:0:0),notifier,tl_enable_p,tl_enable_p,CLR_dly,G_dly) 
WARNING: "/wrk/ci/prod/2021.2/rdi_builds/continuous/2021_10_19_3367213/data/verilog/src/unisims/LDCE.v" Line 155: Timing violation in scope /project_tb/UUT/cont/number_of_words_reg[5]_LDC/TChk155_1829 at time 374597 ps $recrem (posedge CLR,posedge G,(0:0:0),(0:0:0),notifier,tl_enable_p,tl_enable_p,CLR_dly,G_dly) 
WARNING: "/wrk/ci/prod/2021.2/rdi_builds/continuous/2021_10_19_3367213/data/verilog/src/unisims/LDCE.v" Line 155: Timing violation in scope /project_tb/UUT/cont/number_of_words_reg[6]_LDC/TChk155_1829 at time 374597 ps $recrem (posedge CLR,posedge G,(0:0:0),(0:0:0),notifier,tl_enable_p,tl_enable_p,CLR_dly,G_dly) 
WARNING: "/wrk/ci/prod/2021.2/rdi_builds/continuous/2021_10_19_3367213/data/verilog/src/unisims/LDCE.v" Line 155: Timing violation in scope /project_tb/UUT/cont/number_of_words_reg[7]_LDC/TChk155_1829 at time 374597 ps $recrem (posedge CLR,posedge G,(0:0:0),(0:0:0),notifier,tl_enable_p,tl_enable_p,CLR_dly,G_dly) 
WARNING: "/wrk/ci/prod/2021.2/rdi_builds/continuous/2021_10_19_3367213/data/verilog/src/unisims/LDCE.v" Line 155: Timing violation in scope /project_tb/UUT/cont/number_of_words_reg[2]_LDC/TChk155_1829 at time 994597 ps $recrem (posedge CLR,posedge G,(0:0:0),(0:0:0),notifier,tl_enable_p,tl_enable_p,CLR_dly,G_dly) 
WARNING: "/wrk/ci/prod/2021.2/rdi_builds/continuous/2021_10_19_3367213/data/verilog/src/unisims/LDCE.v" Line 155: Timing violation in scope /project_tb/UUT/cont/number_of_words_reg[4]_LDC/TChk155_1829 at time 994740 ps $recrem (posedge CLR,posedge G,(0:0:0),(0:0:0),notifier,tl_enable_p,tl_enable_p,CLR_dly,G_dly) 
WARNING: "/wrk/ci/prod/2021.2/rdi_builds/continuous/2021_10_19_3367213/data/verilog/src/unisims/LDCE.v" Line 155: Timing violation in scope /project_tb/UUT/cont/number_of_words_reg[6]_LDC/TChk155_1829 at time 994740 ps $recrem (posedge CLR,posedge G,(0:0:0),(0:0:0),notifier,tl_enable_p,tl_enable_p,CLR_dly,G_dly) 
WARNING: "/wrk/ci/prod/2021.2/rdi_builds/continuous/2021_10_19_3367213/data/verilog/src/unisims/LDCE.v" Line 155: Timing violation in scope /project_tb/UUT/cont/number_of_words_reg[7]_LDC/TChk155_1829 at time 994740 ps $recrem (posedge CLR,posedge G,(0:0:0),(0:0:0),notifier,tl_enable_p,tl_enable_p,CLR_dly,G_dly) 
WARNING: "/wrk/ci/prod/2021.2/rdi_builds/continuous/2021_10_19_3367213/data/verilog/src/unisims/LDCE.v" Line 155: Timing violation in scope /project_tb/UUT/cont/number_of_words_reg[0]_LDC/TChk155_1829 at time 2414597 ps $recrem (posedge CLR,posedge G,(0:0:0),(0:0:0),notifier,tl_enable_p,tl_enable_p,CLR_dly,G_dly) 
WARNING: "/wrk/ci/prod/2021.2/rdi_builds/continuous/2021_10_19_3367213/data/verilog/src/unisims/LDCE.v" Line 155: Timing violation in scope /project_tb/UUT/cont/number_of_words_reg[1]_LDC/TChk155_1829 at time 2414597 ps $recrem (posedge CLR,posedge G,(0:0:0),(0:0:0),notifier,tl_enable_p,tl_enable_p,CLR_dly,G_dly) 
WARNING: "/wrk/ci/prod/2021.2/rdi_builds/continuous/2021_10_19_3367213/data/verilog/src/unisims/LDCE.v" Line 155: Timing violation in scope /project_tb/UUT/cont/number_of_words_reg[3]_LDC/TChk155_1829 at time 2414740 ps $recrem (posedge CLR,posedge G,(0:0:0),(0:0:0),notifier,tl_enable_p,tl_enable_p,CLR_dly,G_dly) 
WARNING: "/wrk/ci/prod/2021.2/rdi_builds/continuous/2021_10_19_3367213/data/verilog/src/unisims/LDCE.v" Line 155: Timing violation in scope /project_tb/UUT/cont/number_of_words_reg[5]_LDC/TChk155_1829 at time 2414740 ps $recrem (posedge CLR,posedge G,(0:0:0),(0:0:0),notifier,tl_enable_p,tl_enable_p,CLR_dly,G_dly) 
WARNING: "/wrk/ci/prod/2021.2/rdi_builds/continuous/2021_10_19_3367213/data/verilog/src/unisims/LDCE.v" Line 155: Timing violation in scope /project_tb/UUT/cont/number_of_words_reg[6]_LDC/TChk155_1829 at time 2414740 ps $recrem (posedge CLR,posedge G,(0:0:0),(0:0:0),notifier,tl_enable_p,tl_enable_p,CLR_dly,G_dly) 
WARNING: "/wrk/ci/prod/2021.2/rdi_builds/continuous/2021_10_19_3367213/data/verilog/src/unisims/LDCE.v" Line 155: Timing violation in scope /project_tb/UUT/cont/number_of_words_reg[7]_LDC/TChk155_1829 at time 2414740 ps $recrem (posedge CLR,posedge G,(0:0:0),(0:0:0),notifier,tl_enable_p,tl_enable_p,CLR_dly,G_dly) 
Failure: Simulation Ended! TEST PASSATO
Time: 3121235 ps  Iteration: 0  Process: /project_tb/test  File: /home/davide/git/Progetto-reti-logiche-2022/docs/Test Bench  Progetto/cartella_1/tb_tre_bis.vhd
$finish called at time : 3121235 ps : File "/home/davide/git/Progetto-reti-logiche-2022/docs/Test Bench  Progetto/cartella_1/tb_tre_bis.vhd" Line 201
